Using pre-set license
Built from '2020.3/release' branch; Version is '2020.3.1f1 (77a89f25062f) revision 7841951'; Using compiler version '192528614'; Build Type 'Release'
OS: 'Windows 10 Home; OS build 19041.867; Version 2004; 64bit' Language: 'en' Physical Memory: 8042 MB
BatchMode: 1, IsHumanControllingUs: 0, StartBugReporterOnCrash: 0, Is64bit: 1, IsPro: 0

 COMMAND LINE ARGUMENTS:
C:\Program Files\Unity\Hub\Editor\2020.3.1f1\Editor\Unity.exe
-adb2
-batchMode
-noUpm
-name
AssetImportWorker0
-projectPath
C:/Users/dumba/OneDrive/Documents/Unity Projects/DumbML/NeuralNetwork
-logFile
Logs/AssetImportWorker0.log
-srvPort
56519
Successfully changed project path to: C:/Users/dumba/OneDrive/Documents/Unity Projects/DumbML/NeuralNetwork
C:/Users/dumba/OneDrive/Documents/Unity Projects/DumbML/NeuralNetwork
Using Asset Import Pipeline V2.
Refreshing native plugins compatible for Editor in 53.20 ms, found 0 plugins.
Preloading 0 native plugins for Editor in 0.00 ms.
Initialize engine version: 2020.3.1f1 (77a89f25062f)
[Subsystems] Discovering subsystems at path C:/Program Files/Unity/Hub/Editor/2020.3.1f1/Editor/Data/Resources/UnitySubsystems
[Subsystems] Discovering subsystems at path C:/Users/dumba/OneDrive/Documents/Unity Projects/DumbML/NeuralNetwork/Assets
GfxDevice: creating device client; threaded=0
Direct3D:
    Version:  Direct3D 11.0 [level 11.1]
    Renderer: NVIDIA GeForce GTX 1650 (ID=0x1f91)
    Vendor:   
    VRAM:     3962 MB
    Driver:   27.21.14.5167
Initialize mono
Mono path[0] = 'C:/Program Files/Unity/Hub/Editor/2020.3.1f1/Editor/Data/Managed'
Mono path[1] = 'C:/Program Files/Unity/Hub/Editor/2020.3.1f1/Editor/Data/MonoBleedingEdge/lib/mono/unityjit'
Mono config path = 'C:/Program Files/Unity/Hub/Editor/2020.3.1f1/Editor/Data/MonoBleedingEdge/etc'
Using monoOptions --debugger-agent=transport=dt_socket,embedding=1,server=y,suspend=n,address=127.0.0.1:56692
Begin MonoManager ReloadAssembly
Registering precompiled unity dll's ...
Register platform support module: C:/Program Files/Unity/Hub/Editor/2020.3.1f1/Editor/Data/PlaybackEngines/WindowsStandaloneSupport/UnityEditor.WindowsStandalone.Extensions.dll
Registered in 0.002988 seconds.
Native extension for WindowsStandalone target not found
Refreshing native plugins compatible for Editor in 52.30 ms, found 0 plugins.
Preloading 0 native plugins for Editor in 0.00 ms.
Invoked RoslynAnalysisRunner static constructor.
RoslynAnalysisRunner will not be running.
RoslynAnalysisRunner has terminated.
Mono: successfully reloaded assembly
- Completed reload, in  2.202 seconds
Platform modules already initialized, skipping
Registering precompiled user dll's ...
Registered in 0.004487 seconds.
Begin MonoManager ReloadAssembly
Native extension for WindowsStandalone target not found
Refreshing native plugins compatible for Editor in 0.41 ms, found 0 plugins.
Preloading 0 native plugins for Editor in 0.00 ms.
Invoked RoslynAnalysisRunner static constructor.
RoslynAnalysisRunner will not be running.
RoslynAnalysisRunner has terminated.
Mono: successfully reloaded assembly
- Completed reload, in  1.032 seconds
Platform modules already initialized, skipping
========================================================================
Worker process is ready to serve import requests
Launched and connected shader compiler UnityShaderCompiler.exe after 0.07 seconds
Refreshing native plugins compatible for Editor in 1.22 ms, found 0 plugins.
Preloading 0 native plugins for Editor in 0.00 ms.
Unloading 1483 Unused Serialized files (Serialized files now loaded: 0)
System memory in use before: 66.4 MB.
System memory in use after: 66.5 MB.

Unloading 33 unused Assets to reduce memory usage. Loaded Objects now: 1911.
Total: 3.100000 ms (FindLiveObjects: 0.399600 ms CreateObjectMapping: 0.134500 ms MarkObjects: 2.430900 ms  DeleteObjects: 0.134100 ms)

========================================================================
Received Import Request.
  path: Assets/Games/MCTS/TTT.cs
  artifactKey: Guid(079dd8f907f34484995ee4180510029f) Importer(815301076,1909f56bfc062723c751e8b465ee728b)
Start importing Assets/Games/MCTS/TTT.cs using Guid(079dd8f907f34484995ee4180510029f) Importer(815301076,1909f56bfc062723c751e8b465ee728b)  -> (artifact id: '522f4e7bc95fd7b54f0da55cf2f067df') in 0.039132 seconds
  Import took 0.045243 seconds .

========================================================================
Received Import Request.
  Time since last request: 0.000368 seconds.
  path: Assets/Games/MCTS/MCTS.unity
  artifactKey: Guid(3e1454046454f2b449cf8154b97c99f3) Importer(815301076,1909f56bfc062723c751e8b465ee728b)
Start importing Assets/Games/MCTS/MCTS.unity using Guid(3e1454046454f2b449cf8154b97c99f3) Importer(815301076,1909f56bfc062723c751e8b465ee728b)  -> (artifact id: '4b68aa6c51f358fa271bb92876aa97ba') in 0.008246 seconds
  Import took 0.013737 seconds .

========================================================================
Received Import Request.
  Time since last request: 1.768339 seconds.
  path: Assets/Games/MCTS
  artifactKey: Guid(e21bbb27b49b86b4c926397cd542c1f1) Importer(815301076,1909f56bfc062723c751e8b465ee728b)
Start importing Assets/Games/MCTS using Guid(e21bbb27b49b86b4c926397cd542c1f1) Importer(815301076,1909f56bfc062723c751e8b465ee728b)  -> (artifact id: 'a0fd6e707fe41586551ec15622a8fdb2') in 0.002462 seconds
  Import took 0.009040 seconds .

========================================================================
Received Import Request.
  Time since last request: 0.000917 seconds.
  path: Assets/Games/MCTS
  artifactKey: Guid(e21bbb27b49b86b4c926397cd542c1f1) Importer(815301076,1909f56bfc062723c751e8b465ee728b)
Start importing Assets/Games/MCTS using Guid(e21bbb27b49b86b4c926397cd542c1f1) Importer(815301076,1909f56bfc062723c751e8b465ee728b)  -> (artifact id: 'a0fd6e707fe41586551ec15622a8fdb2') in 0.002642 seconds
  Import took 0.010480 seconds .

========================================================================
Received Import Request.
  Time since last request: 11.792822 seconds.
  path: Assets/Games/Chess/Chess.unity
  artifactKey: Guid(3c387a97b4f80b8459b2d704749b82e5) Importer(815301076,1909f56bfc062723c751e8b465ee728b)
Start importing Assets/Games/Chess/Chess.unity using Guid(3c387a97b4f80b8459b2d704749b82e5) Importer(815301076,1909f56bfc062723c751e8b465ee728b)  -> (artifact id: 'e04e00769f3405160cee85b356a164ab') in 0.005418 seconds
  Import took 0.013845 seconds .

========================================================================
Received Import Request.
  Time since last request: 354.892739 seconds.
  path: Assets/Games/Astroids/Astroids.unity
  artifactKey: Guid(0731979df559e094ba7a36e38dce7dcf) Importer(815301076,1909f56bfc062723c751e8b465ee728b)
Start importing Assets/Games/Astroids/Astroids.unity using Guid(0731979df559e094ba7a36e38dce7dcf) Importer(815301076,1909f56bfc062723c751e8b465ee728b)  -> (artifact id: 'b37e25c82bc0d78a45006a994e49f32b') in 0.005066 seconds
  Import took 0.010266 seconds .

========================================================================
Received Prepare
Registering precompiled user dll's ...
Registered in 0.004967 seconds.
Begin MonoManager ReloadAssembly
Native extension for WindowsStandalone target not found
Refreshing native plugins compatible for Editor in 0.73 ms, found 0 plugins.
Preloading 0 native plugins for Editor in 0.00 ms.
Invoked RoslynAnalysisRunner static constructor.
RoslynAnalysisRunner will not be running.
RoslynAnalysisRunner has terminated.
Mono: successfully reloaded assembly
- Completed reload, in  1.278 seconds
Platform modules already initialized, skipping
Refreshing native plugins compatible for Editor in 0.84 ms, found 0 plugins.
Preloading 0 native plugins for Editor in 0.00 ms.
Unloading 1477 Unused Serialized files (Serialized files now loaded: 0)
System memory in use before: 66.3 MB.
System memory in use after: 66.4 MB.

Unloading 24 unused Assets to reduce memory usage. Loaded Objects now: 1914.
Total: 3.980800 ms (FindLiveObjects: 0.418200 ms CreateObjectMapping: 0.161600 ms MarkObjects: 3.317300 ms  DeleteObjects: 0.081100 ms)

========================================================================
Received Import Request.
  Time since last request: 58.415564 seconds.
  path: Assets/Games/Astroids/Astroids.cs
  artifactKey: Guid(4614d2c569e82ec4a8fa556c6b586620) Importer(815301076,1909f56bfc062723c751e8b465ee728b)
Start importing Assets/Games/Astroids/Astroids.cs using Guid(4614d2c569e82ec4a8fa556c6b586620) Importer(815301076,1909f56bfc062723c751e8b465ee728b)  -> (artifact id: '7780889bc112425f007d9b451f580e2a') in 0.004831 seconds
  Import took 0.010160 seconds .

========================================================================
Received Import Request.
  Time since last request: 0.022593 seconds.
  path: Assets/Games/Astroids/Astroids.cs
  artifactKey: Guid(4614d2c569e82ec4a8fa556c6b586620) Importer(815301076,1909f56bfc062723c751e8b465ee728b)
Start importing Assets/Games/Astroids/Astroids.cs using Guid(4614d2c569e82ec4a8fa556c6b586620) Importer(815301076,1909f56bfc062723c751e8b465ee728b)  -> (artifact id: '7780889bc112425f007d9b451f580e2a') in 0.003439 seconds
  Import took 0.010632 seconds .

