Using pre-set license
Built from '2020.3/release' branch; Version is '2020.3.1f1 (77a89f25062f) revision 7841951'; Using compiler version '192528614'; Build Type 'Release'
OS: 'Windows 10 Home; OS build 22631.5039; Version 2009; 64bit' Language: 'en' Physical Memory: 8042 MB
BatchMode: 1, IsHumanControllingUs: 0, StartBugReporterOnCrash: 0, Is64bit: 1, IsPro: 0

 COMMAND LINE ARGUMENTS:
C:\Program Files\Unity\Hub\Editor\2020.3.1f1\Editor\Unity.exe
-adb2
-batchMode
-noUpm
-name
AssetImportWorker1
-projectPath
C:/Users/dumba/OneDrive/Documents/Unity Projects/DumbML/NeuralNetwork
-logFile
Logs/AssetImportWorker1.log
-srvPort
49341
Successfully changed project path to: C:/Users/dumba/OneDrive/Documents/Unity Projects/DumbML/NeuralNetwork
C:/Users/dumba/OneDrive/Documents/Unity Projects/DumbML/NeuralNetwork
Using Asset Import Pipeline V2.
Refreshing native plugins compatible for Editor in 80.61 ms, found 0 plugins.
Preloading 0 native plugins for Editor in 0.00 ms.
Initialize engine version: 2020.3.1f1 (77a89f25062f)
[Subsystems] Discovering subsystems at path C:/Program Files/Unity/Hub/Editor/2020.3.1f1/Editor/Data/Resources/UnitySubsystems
[Subsystems] Discovering subsystems at path C:/Users/dumba/OneDrive/Documents/Unity Projects/DumbML/NeuralNetwork/Assets
GfxDevice: creating device client; threaded=0
Direct3D:
    Version:  Direct3D 11.0 [level 11.1]
    Renderer: NVIDIA GeForce GTX 1650 (ID=0x1f91)
    Vendor:   
    VRAM:     3962 MB
    Driver:   30.0.15.1278
Initialize mono
Mono path[0] = 'C:/Program Files/Unity/Hub/Editor/2020.3.1f1/Editor/Data/Managed'
Mono path[1] = 'C:/Program Files/Unity/Hub/Editor/2020.3.1f1/Editor/Data/MonoBleedingEdge/lib/mono/unityjit'
Mono config path = 'C:/Program Files/Unity/Hub/Editor/2020.3.1f1/Editor/Data/MonoBleedingEdge/etc'
Using monoOptions --debugger-agent=transport=dt_socket,embedding=1,server=y,suspend=n,address=127.0.0.1:56108
Begin MonoManager ReloadAssembly
Registering precompiled unity dll's ...
Register platform support module: C:/Program Files/Unity/Hub/Editor/2020.3.1f1/Editor/Data/PlaybackEngines/WindowsStandaloneSupport/UnityEditor.WindowsStandalone.Extensions.dll
Registered in 0.006747 seconds.
Native extension for WindowsStandalone target not found
Refreshing native plugins compatible for Editor in 62.50 ms, found 0 plugins.
Preloading 0 native plugins for Editor in 0.00 ms.
Invoked RoslynAnalysisRunner static constructor.
RoslynAnalysisRunner will not be running.
RoslynAnalysisRunner has terminated.
Mono: successfully reloaded assembly
- Completed reload, in  7.194 seconds
Platform modules already initialized, skipping
Registering precompiled user dll's ...
Registered in 0.008138 seconds.
Begin MonoManager ReloadAssembly
Native extension for WindowsStandalone target not found
Refreshing native plugins compatible for Editor in 0.41 ms, found 0 plugins.
Preloading 0 native plugins for Editor in 0.00 ms.
Invoked RoslynAnalysisRunner static constructor.
RoslynAnalysisRunner will not be running.
RoslynAnalysisRunner has terminated.
Mono: successfully reloaded assembly
- Completed reload, in  4.995 seconds
Platform modules already initialized, skipping
========================================================================
Worker process is ready to serve import requests
Launched and connected shader compiler UnityShaderCompiler.exe after 0.15 seconds
Refreshing native plugins compatible for Editor in 0.39 ms, found 0 plugins.
Preloading 0 native plugins for Editor in 0.00 ms.
Unloading 1535 Unused Serialized files (Serialized files now loaded: 0)
System memory in use before: 69.2 MB.
System memory in use after: 69.3 MB.

Unloading 33 unused Assets to reduce memory usage. Loaded Objects now: 1964.
Total: 11.228100 ms (FindLiveObjects: 0.223900 ms CreateObjectMapping: 0.104000 ms MarkObjects: 10.412800 ms  DeleteObjects: 0.486100 ms)

========================================================================
Received Import Request.
  path: Assets/Games/_Salmon/Scripts/SalmonParameters.cs
  artifactKey: Guid(6779db40f90985446b4f3b854303b292) Importer(815301076,1909f56bfc062723c751e8b465ee728b)
Start importing Assets/Games/_Salmon/Scripts/SalmonParameters.cs using Guid(6779db40f90985446b4f3b854303b292) Importer(815301076,1909f56bfc062723c751e8b465ee728b)  -> (artifact id: '8278a0aba5e6b374752c2f4e6e3b9af5') in 0.093408 seconds
  Import took 0.098364 seconds .

========================================================================
Received Import Request.
  Time since last request: 2037.198810 seconds.
  path: Assets/Games/_Salmon/Scripts/SalmonParameters.cs
  artifactKey: Guid(6779db40f90985446b4f3b854303b292) Importer(815301076,1909f56bfc062723c751e8b465ee728b)
Start importing Assets/Games/_Salmon/Scripts/SalmonParameters.cs using Guid(6779db40f90985446b4f3b854303b292) Importer(815301076,1909f56bfc062723c751e8b465ee728b)  -> (artifact id: '2b2c9b212b86f7bae92c7918bf5aba13') in 0.051086 seconds
  Import took 0.115720 seconds .

========================================================================
Received Import Request.
  Time since last request: 0.003616 seconds.
  path: Assets/Games/_Salmon/Scripts/SalmonParameters.cs
  artifactKey: Guid(6779db40f90985446b4f3b854303b292) Importer(815301076,1909f56bfc062723c751e8b465ee728b)
Start importing Assets/Games/_Salmon/Scripts/SalmonParameters.cs using Guid(6779db40f90985446b4f3b854303b292) Importer(815301076,1909f56bfc062723c751e8b465ee728b)  -> (artifact id: '2b2c9b212b86f7bae92c7918bf5aba13') in 0.005995 seconds
  Import took 0.011643 seconds .

========================================================================
Received Prepare
Registering precompiled user dll's ...
Registered in 0.006691 seconds.
Begin MonoManager ReloadAssembly
Native extension for WindowsStandalone target not found
Refreshing native plugins compatible for Editor in 0.48 ms, found 0 plugins.
Preloading 0 native plugins for Editor in 0.00 ms.
Invoked RoslynAnalysisRunner static constructor.
RoslynAnalysisRunner will not be running.
RoslynAnalysisRunner has terminated.
Mono: successfully reloaded assembly
- Completed reload, in  1.017 seconds
Platform modules already initialized, skipping
Refreshing native plugins compatible for Editor in 0.43 ms, found 0 plugins.
Preloading 0 native plugins for Editor in 0.00 ms.
Unloading 1516 Unused Serialized files (Serialized files now loaded: 0)
System memory in use before: 68.1 MB.
System memory in use after: 68.2 MB.

Unloading 24 unused Assets to reduce memory usage. Loaded Objects now: 1967.
Total: 9.427800 ms (FindLiveObjects: 0.501200 ms CreateObjectMapping: 0.072800 ms MarkObjects: 8.796600 ms  DeleteObjects: 0.056000 ms)

========================================================================
Received Prepare
Registering precompiled user dll's ...
Registered in 0.003994 seconds.
Begin MonoManager ReloadAssembly
Native extension for WindowsStandalone target not found
Refreshing native plugins compatible for Editor in 0.46 ms, found 0 plugins.
Preloading 0 native plugins for Editor in 0.00 ms.
Invoked RoslynAnalysisRunner static constructor.
RoslynAnalysisRunner will not be running.
RoslynAnalysisRunner has terminated.
Mono: successfully reloaded assembly
- Completed reload, in  0.986 seconds
Platform modules already initialized, skipping
Refreshing native plugins compatible for Editor in 0.43 ms, found 0 plugins.
Preloading 0 native plugins for Editor in 0.00 ms.
Unloading 1516 Unused Serialized files (Serialized files now loaded: 0)
System memory in use before: 68.1 MB.
System memory in use after: 68.2 MB.

Unloading 24 unused Assets to reduce memory usage. Loaded Objects now: 1970.
Total: 1.901200 ms (FindLiveObjects: 0.161900 ms CreateObjectMapping: 0.044200 ms MarkObjects: 1.591700 ms  DeleteObjects: 0.102200 ms)

========================================================================
Received Prepare
Registering precompiled user dll's ...
Registered in 0.006887 seconds.
Begin MonoManager ReloadAssembly
Native extension for WindowsStandalone target not found
Refreshing native plugins compatible for Editor in 0.39 ms, found 0 plugins.
Preloading 0 native plugins for Editor in 0.00 ms.
Invoked RoslynAnalysisRunner static constructor.
RoslynAnalysisRunner will not be running.
RoslynAnalysisRunner has terminated.
Mono: successfully reloaded assembly
- Completed reload, in  1.256 seconds
Platform modules already initialized, skipping
Refreshing native plugins compatible for Editor in 0.44 ms, found 0 plugins.
Preloading 0 native plugins for Editor in 0.00 ms.
Unloading 1517 Unused Serialized files (Serialized files now loaded: 0)
System memory in use before: 68.1 MB.
System memory in use after: 68.2 MB.

Unloading 24 unused Assets to reduce memory usage. Loaded Objects now: 1974.
Total: 2.001100 ms (FindLiveObjects: 0.230300 ms CreateObjectMapping: 0.084100 ms MarkObjects: 1.634600 ms  DeleteObjects: 0.051000 ms)

========================================================================
Received Prepare
Registering precompiled user dll's ...
Registered in 0.007857 seconds.
Begin MonoManager ReloadAssembly
Native extension for WindowsStandalone target not found
Refreshing native plugins compatible for Editor in 0.42 ms, found 0 plugins.
Preloading 0 native plugins for Editor in 0.00 ms.
Invoked RoslynAnalysisRunner static constructor.
RoslynAnalysisRunner will not be running.
RoslynAnalysisRunner has terminated.
Mono: successfully reloaded assembly
- Completed reload, in  0.911 seconds
Platform modules already initialized, skipping
Refreshing native plugins compatible for Editor in 0.42 ms, found 0 plugins.
Preloading 0 native plugins for Editor in 0.00 ms.
Unloading 1517 Unused Serialized files (Serialized files now loaded: 0)
System memory in use before: 68.1 MB.
System memory in use after: 68.2 MB.

Unloading 24 unused Assets to reduce memory usage. Loaded Objects now: 1977.
Total: 1.947800 ms (FindLiveObjects: 0.200500 ms CreateObjectMapping: 0.064200 ms MarkObjects: 1.644300 ms  DeleteObjects: 0.037600 ms)

========================================================================
Received Prepare
Registering precompiled user dll's ...
Registered in 0.003550 seconds.
Begin MonoManager ReloadAssembly
Native extension for WindowsStandalone target not found
Refreshing native plugins compatible for Editor in 0.40 ms, found 0 plugins.
Preloading 0 native plugins for Editor in 0.00 ms.
Invoked RoslynAnalysisRunner static constructor.
RoslynAnalysisRunner will not be running.
RoslynAnalysisRunner has terminated.
Mono: successfully reloaded assembly
- Completed reload, in  0.883 seconds
Platform modules already initialized, skipping
Refreshing native plugins compatible for Editor in 0.41 ms, found 0 plugins.
Preloading 0 native plugins for Editor in 0.00 ms.
Unloading 1517 Unused Serialized files (Serialized files now loaded: 0)
System memory in use before: 68.1 MB.
System memory in use after: 68.3 MB.

Unloading 24 unused Assets to reduce memory usage. Loaded Objects now: 1980.
Total: 2.435500 ms (FindLiveObjects: 0.314300 ms CreateObjectMapping: 0.106400 ms MarkObjects: 1.991500 ms  DeleteObjects: 0.022000 ms)

========================================================================
Received Prepare
Registering precompiled user dll's ...
Registered in 0.003673 seconds.
Begin MonoManager ReloadAssembly
Native extension for WindowsStandalone target not found
Refreshing native plugins compatible for Editor in 0.47 ms, found 0 plugins.
Preloading 0 native plugins for Editor in 0.00 ms.
Invoked RoslynAnalysisRunner static constructor.
RoslynAnalysisRunner will not be running.
RoslynAnalysisRunner has terminated.
Mono: successfully reloaded assembly
- Completed reload, in  1.046 seconds
Platform modules already initialized, skipping
Refreshing native plugins compatible for Editor in 0.41 ms, found 0 plugins.
Preloading 0 native plugins for Editor in 0.00 ms.
Unloading 1517 Unused Serialized files (Serialized files now loaded: 0)
System memory in use before: 68.1 MB.
System memory in use after: 68.3 MB.

Unloading 24 unused Assets to reduce memory usage. Loaded Objects now: 1983.
Total: 1.886800 ms (FindLiveObjects: 0.219600 ms CreateObjectMapping: 0.063900 ms MarkObjects: 1.581700 ms  DeleteObjects: 0.020200 ms)

========================================================================
Received Prepare
Registering precompiled user dll's ...
Registered in 0.003267 seconds.
Begin MonoManager ReloadAssembly
Native extension for WindowsStandalone target not found
Refreshing native plugins compatible for Editor in 0.38 ms, found 0 plugins.
Preloading 0 native plugins for Editor in 0.00 ms.
Invoked RoslynAnalysisRunner static constructor.
RoslynAnalysisRunner will not be running.
RoslynAnalysisRunner has terminated.
Mono: successfully reloaded assembly
- Completed reload, in  0.914 seconds
Platform modules already initialized, skipping
Refreshing native plugins compatible for Editor in 0.42 ms, found 0 plugins.
Preloading 0 native plugins for Editor in 0.00 ms.
Unloading 1517 Unused Serialized files (Serialized files now loaded: 0)
System memory in use before: 68.2 MB.
System memory in use after: 68.3 MB.

Unloading 24 unused Assets to reduce memory usage. Loaded Objects now: 1986.
Total: 1.768600 ms (FindLiveObjects: 0.208700 ms CreateObjectMapping: 0.056000 ms MarkObjects: 1.485900 ms  DeleteObjects: 0.016900 ms)

========================================================================
Received Prepare
Registering precompiled user dll's ...
Registered in 0.003364 seconds.
Begin MonoManager ReloadAssembly
Native extension for WindowsStandalone target not found
Refreshing native plugins compatible for Editor in 0.46 ms, found 0 plugins.
Preloading 0 native plugins for Editor in 0.00 ms.
Invoked RoslynAnalysisRunner static constructor.
RoslynAnalysisRunner will not be running.
RoslynAnalysisRunner has terminated.
Mono: successfully reloaded assembly
- Completed reload, in  0.898 seconds
Platform modules already initialized, skipping
Refreshing native plugins compatible for Editor in 0.41 ms, found 0 plugins.
Preloading 0 native plugins for Editor in 0.00 ms.
Unloading 1517 Unused Serialized files (Serialized files now loaded: 0)
System memory in use before: 68.2 MB.
System memory in use after: 68.3 MB.

Unloading 24 unused Assets to reduce memory usage. Loaded Objects now: 1989.
Total: 1.852400 ms (FindLiveObjects: 0.212700 ms CreateObjectMapping: 0.069600 ms MarkObjects: 1.548600 ms  DeleteObjects: 0.020000 ms)

========================================================================
Received Prepare
Registering precompiled user dll's ...
Registered in 0.003308 seconds.
Begin MonoManager ReloadAssembly
Native extension for WindowsStandalone target not found
Refreshing native plugins compatible for Editor in 0.37 ms, found 0 plugins.
Preloading 0 native plugins for Editor in 0.00 ms.
Invoked RoslynAnalysisRunner static constructor.
RoslynAnalysisRunner will not be running.
RoslynAnalysisRunner has terminated.
Mono: successfully reloaded assembly
- Completed reload, in  0.807 seconds
Platform modules already initialized, skipping
Refreshing native plugins compatible for Editor in 0.38 ms, found 0 plugins.
Preloading 0 native plugins for Editor in 0.00 ms.
Unloading 1517 Unused Serialized files (Serialized files now loaded: 0)
System memory in use before: 68.2 MB.
System memory in use after: 68.3 MB.

Unloading 24 unused Assets to reduce memory usage. Loaded Objects now: 1992.
Total: 1.945300 ms (FindLiveObjects: 0.200800 ms CreateObjectMapping: 0.045500 ms MarkObjects: 1.680100 ms  DeleteObjects: 0.017600 ms)

========================================================================
Received Prepare
Registering precompiled user dll's ...
Registered in 0.003326 seconds.
Begin MonoManager ReloadAssembly
Native extension for WindowsStandalone target not found
Refreshing native plugins compatible for Editor in 0.38 ms, found 0 plugins.
Preloading 0 native plugins for Editor in 0.00 ms.
Invoked RoslynAnalysisRunner static constructor.
RoslynAnalysisRunner will not be running.
RoslynAnalysisRunner has terminated.
Mono: successfully reloaded assembly
- Completed reload, in  0.921 seconds
Platform modules already initialized, skipping
Refreshing native plugins compatible for Editor in 0.40 ms, found 0 plugins.
Preloading 0 native plugins for Editor in 0.00 ms.
Unloading 1517 Unused Serialized files (Serialized files now loaded: 0)
System memory in use before: 68.2 MB.
System memory in use after: 68.3 MB.

Unloading 24 unused Assets to reduce memory usage. Loaded Objects now: 1995.
Total: 1.953400 ms (FindLiveObjects: 0.204400 ms CreateObjectMapping: 0.059000 ms MarkObjects: 1.664500 ms  DeleteObjects: 0.024200 ms)

========================================================================
Received Prepare
Registering precompiled user dll's ...
Registered in 0.003221 seconds.
Begin MonoManager ReloadAssembly
Native extension for WindowsStandalone target not found
Refreshing native plugins compatible for Editor in 0.42 ms, found 0 plugins.
Preloading 0 native plugins for Editor in 0.00 ms.
Invoked RoslynAnalysisRunner static constructor.
RoslynAnalysisRunner will not be running.
RoslynAnalysisRunner has terminated.
Mono: successfully reloaded assembly
- Completed reload, in  0.903 seconds
Platform modules already initialized, skipping
Refreshing native plugins compatible for Editor in 0.40 ms, found 0 plugins.
Preloading 0 native plugins for Editor in 0.00 ms.
Unloading 1517 Unused Serialized files (Serialized files now loaded: 0)
System memory in use before: 68.2 MB.
System memory in use after: 68.3 MB.

Unloading 24 unused Assets to reduce memory usage. Loaded Objects now: 1998.
Total: 2.027800 ms (FindLiveObjects: 0.281000 ms CreateObjectMapping: 0.068200 ms MarkObjects: 1.659100 ms  DeleteObjects: 0.018200 ms)

========================================================================
Received Prepare
Registering precompiled user dll's ...
Registered in 0.003425 seconds.
Begin MonoManager ReloadAssembly
Native extension for WindowsStandalone target not found
Refreshing native plugins compatible for Editor in 0.39 ms, found 0 plugins.
Preloading 0 native plugins for Editor in 0.00 ms.
Invoked RoslynAnalysisRunner static constructor.
RoslynAnalysisRunner will not be running.
RoslynAnalysisRunner has terminated.
Mono: successfully reloaded assembly
- Completed reload, in  0.838 seconds
Platform modules already initialized, skipping
Refreshing native plugins compatible for Editor in 0.40 ms, found 0 plugins.
Preloading 0 native plugins for Editor in 0.00 ms.
Unloading 1517 Unused Serialized files (Serialized files now loaded: 0)
System memory in use before: 68.2 MB.
System memory in use after: 68.3 MB.

Unloading 24 unused Assets to reduce memory usage. Loaded Objects now: 2001.
Total: 1.947700 ms (FindLiveObjects: 0.239400 ms CreateObjectMapping: 0.079500 ms MarkObjects: 1.571500 ms  DeleteObjects: 0.055700 ms)

========================================================================
Received Prepare
Registering precompiled user dll's ...
Registered in 0.003388 seconds.
Begin MonoManager ReloadAssembly
Native extension for WindowsStandalone target not found
Refreshing native plugins compatible for Editor in 0.50 ms, found 0 plugins.
Preloading 0 native plugins for Editor in 0.00 ms.
Invoked RoslynAnalysisRunner static constructor.
RoslynAnalysisRunner will not be running.
RoslynAnalysisRunner has terminated.
Mono: successfully reloaded assembly
- Completed reload, in  0.821 seconds
Platform modules already initialized, skipping
Refreshing native plugins compatible for Editor in 0.39 ms, found 0 plugins.
Preloading 0 native plugins for Editor in 0.00 ms.
Unloading 1517 Unused Serialized files (Serialized files now loaded: 0)
System memory in use before: 68.2 MB.
System memory in use after: 68.3 MB.

Unloading 24 unused Assets to reduce memory usage. Loaded Objects now: 2004.
Total: 1.929300 ms (FindLiveObjects: 0.197300 ms CreateObjectMapping: 0.057800 ms MarkObjects: 1.652100 ms  DeleteObjects: 0.020800 ms)

========================================================================
Received Prepare
Registering precompiled user dll's ...
Registered in 0.004732 seconds.
Begin MonoManager ReloadAssembly
Native extension for WindowsStandalone target not found
Refreshing native plugins compatible for Editor in 0.44 ms, found 0 plugins.
Preloading 0 native plugins for Editor in 0.00 ms.
Invoked RoslynAnalysisRunner static constructor.
RoslynAnalysisRunner will not be running.
RoslynAnalysisRunner has terminated.
Mono: successfully reloaded assembly
- Completed reload, in  0.840 seconds
Platform modules already initialized, skipping
Refreshing native plugins compatible for Editor in 0.39 ms, found 0 plugins.
Preloading 0 native plugins for Editor in 0.00 ms.
Unloading 1517 Unused Serialized files (Serialized files now loaded: 0)
System memory in use before: 68.2 MB.
System memory in use after: 68.3 MB.

Unloading 24 unused Assets to reduce memory usage. Loaded Objects now: 2007.
Total: 1.934400 ms (FindLiveObjects: 0.190100 ms CreateObjectMapping: 0.058300 ms MarkObjects: 1.666500 ms  DeleteObjects: 0.018300 ms)

========================================================================
Received Prepare
Registering precompiled user dll's ...
Registered in 0.003566 seconds.
Begin MonoManager ReloadAssembly
Native extension for WindowsStandalone target not found
Refreshing native plugins compatible for Editor in 0.38 ms, found 0 plugins.
Preloading 0 native plugins for Editor in 0.00 ms.
Invoked RoslynAnalysisRunner static constructor.
RoslynAnalysisRunner will not be running.
RoslynAnalysisRunner has terminated.
Mono: successfully reloaded assembly
- Completed reload, in  0.835 seconds
Platform modules already initialized, skipping
Refreshing native plugins compatible for Editor in 0.43 ms, found 0 plugins.
Preloading 0 native plugins for Editor in 0.00 ms.
Unloading 1517 Unused Serialized files (Serialized files now loaded: 0)
System memory in use before: 68.2 MB.
System memory in use after: 68.3 MB.

Unloading 24 unused Assets to reduce memory usage. Loaded Objects now: 2010.
Total: 2.157300 ms (FindLiveObjects: 0.324500 ms CreateObjectMapping: 0.119000 ms MarkObjects: 1.690300 ms  DeleteObjects: 0.022200 ms)

========================================================================
Received Prepare
Registering precompiled user dll's ...
Registered in 0.003243 seconds.
Begin MonoManager ReloadAssembly
Native extension for WindowsStandalone target not found
Refreshing native plugins compatible for Editor in 0.39 ms, found 0 plugins.
Preloading 0 native plugins for Editor in 0.00 ms.
Invoked RoslynAnalysisRunner static constructor.
RoslynAnalysisRunner will not be running.
RoslynAnalysisRunner has terminated.
Mono: successfully reloaded assembly
- Completed reload, in  0.800 seconds
Platform modules already initialized, skipping
Refreshing native plugins compatible for Editor in 0.41 ms, found 0 plugins.
Preloading 0 native plugins for Editor in 0.00 ms.
Unloading 1517 Unused Serialized files (Serialized files now loaded: 0)
System memory in use before: 68.2 MB.
System memory in use after: 68.3 MB.

Unloading 24 unused Assets to reduce memory usage. Loaded Objects now: 2013.
Total: 1.758500 ms (FindLiveObjects: 0.190900 ms CreateObjectMapping: 0.066000 ms MarkObjects: 1.480400 ms  DeleteObjects: 0.020000 ms)

========================================================================
Received Prepare
Registering precompiled user dll's ...
Registered in 0.003147 seconds.
Begin MonoManager ReloadAssembly
Native extension for WindowsStandalone target not found
Refreshing native plugins compatible for Editor in 0.38 ms, found 0 plugins.
Preloading 0 native plugins for Editor in 0.00 ms.
Invoked RoslynAnalysisRunner static constructor.
RoslynAnalysisRunner will not be running.
RoslynAnalysisRunner has terminated.
Mono: successfully reloaded assembly
- Completed reload, in  0.908 seconds
Platform modules already initialized, skipping
Refreshing native plugins compatible for Editor in 0.40 ms, found 0 plugins.
Preloading 0 native plugins for Editor in 0.00 ms.
Unloading 1517 Unused Serialized files (Serialized files now loaded: 0)
System memory in use before: 68.2 MB.
System memory in use after: 68.3 MB.

Unloading 24 unused Assets to reduce memory usage. Loaded Objects now: 2016.
Total: 2.115900 ms (FindLiveObjects: 0.234800 ms CreateObjectMapping: 0.080100 ms MarkObjects: 1.728800 ms  DeleteObjects: 0.071100 ms)

========================================================================
Received Prepare
Registering precompiled user dll's ...
Registered in 0.003854 seconds.
Begin MonoManager ReloadAssembly
Native extension for WindowsStandalone target not found
Refreshing native plugins compatible for Editor in 0.37 ms, found 0 plugins.
Preloading 0 native plugins for Editor in 0.00 ms.
Invoked RoslynAnalysisRunner static constructor.
RoslynAnalysisRunner will not be running.
RoslynAnalysisRunner has terminated.
Mono: successfully reloaded assembly
- Completed reload, in  0.800 seconds
Platform modules already initialized, skipping
Refreshing native plugins compatible for Editor in 0.41 ms, found 0 plugins.
Preloading 0 native plugins for Editor in 0.00 ms.
Unloading 1517 Unused Serialized files (Serialized files now loaded: 0)
System memory in use before: 68.2 MB.
System memory in use after: 68.3 MB.

Unloading 24 unused Assets to reduce memory usage. Loaded Objects now: 2019.
Total: 2.227700 ms (FindLiveObjects: 0.259600 ms CreateObjectMapping: 0.088700 ms MarkObjects: 1.855300 ms  DeleteObjects: 0.022900 ms)

========================================================================
Received Prepare
Registering precompiled user dll's ...
Registered in 0.003609 seconds.
Begin MonoManager ReloadAssembly
Native extension for WindowsStandalone target not found
Refreshing native plugins compatible for Editor in 0.43 ms, found 0 plugins.
Preloading 0 native plugins for Editor in 0.00 ms.
Invoked RoslynAnalysisRunner static constructor.
RoslynAnalysisRunner will not be running.
RoslynAnalysisRunner has terminated.
Mono: successfully reloaded assembly
- Completed reload, in  1.054 seconds
Platform modules already initialized, skipping
Refreshing native plugins compatible for Editor in 0.37 ms, found 0 plugins.
Preloading 0 native plugins for Editor in 0.00 ms.
Unloading 1518 Unused Serialized files (Serialized files now loaded: 0)
System memory in use before: 68.3 MB.
System memory in use after: 68.4 MB.

Unloading 24 unused Assets to reduce memory usage. Loaded Objects now: 2023.
Total: 9.397500 ms (FindLiveObjects: 0.639900 ms CreateObjectMapping: 0.072800 ms MarkObjects: 8.606300 ms  DeleteObjects: 0.077000 ms)

========================================================================
Received Prepare
Registering precompiled user dll's ...
Registered in 0.003997 seconds.
Begin MonoManager ReloadAssembly
Native extension for WindowsStandalone target not found
Refreshing native plugins compatible for Editor in 0.44 ms, found 0 plugins.
Preloading 0 native plugins for Editor in 0.00 ms.
Invoked RoslynAnalysisRunner static constructor.
RoslynAnalysisRunner will not be running.
RoslynAnalysisRunner has terminated.
Mono: successfully reloaded assembly
- Completed reload, in  1.032 seconds
Platform modules already initialized, skipping
Refreshing native plugins compatible for Editor in 0.43 ms, found 0 plugins.
Preloading 0 native plugins for Editor in 0.00 ms.
Unloading 1518 Unused Serialized files (Serialized files now loaded: 0)
System memory in use before: 68.3 MB.
System memory in use after: 68.4 MB.

Unloading 24 unused Assets to reduce memory usage. Loaded Objects now: 2026.
Total: 2.390500 ms (FindLiveObjects: 0.212400 ms CreateObjectMapping: 0.051600 ms MarkObjects: 2.045300 ms  DeleteObjects: 0.079700 ms)

========================================================================
Received Prepare
Registering precompiled user dll's ...
Registered in 0.003565 seconds.
Begin MonoManager ReloadAssembly
Native extension for WindowsStandalone target not found
Refreshing native plugins compatible for Editor in 0.40 ms, found 0 plugins.
Preloading 0 native plugins for Editor in 0.00 ms.
Invoked RoslynAnalysisRunner static constructor.
RoslynAnalysisRunner will not be running.
RoslynAnalysisRunner has terminated.
Mono: successfully reloaded assembly
- Completed reload, in  0.830 seconds
Platform modules already initialized, skipping
Refreshing native plugins compatible for Editor in 0.43 ms, found 0 plugins.
Preloading 0 native plugins for Editor in 0.00 ms.
Unloading 1518 Unused Serialized files (Serialized files now loaded: 0)
System memory in use before: 68.3 MB.
System memory in use after: 68.4 MB.

Unloading 24 unused Assets to reduce memory usage. Loaded Objects now: 2029.
Total: 5.346000 ms (FindLiveObjects: 0.514000 ms CreateObjectMapping: 0.168500 ms MarkObjects: 4.535100 ms  DeleteObjects: 0.125100 ms)

========================================================================
Received Prepare
Registering precompiled user dll's ...
Registered in 0.006930 seconds.
Begin MonoManager ReloadAssembly
Native extension for WindowsStandalone target not found
Refreshing native plugins compatible for Editor in 0.42 ms, found 0 plugins.
Preloading 0 native plugins for Editor in 0.00 ms.
Invoked RoslynAnalysisRunner static constructor.
RoslynAnalysisRunner will not be running.
RoslynAnalysisRunner has terminated.
Mono: successfully reloaded assembly
- Completed reload, in  1.102 seconds
Platform modules already initialized, skipping
Refreshing native plugins compatible for Editor in 0.44 ms, found 0 plugins.
Preloading 0 native plugins for Editor in 0.00 ms.
Unloading 1518 Unused Serialized files (Serialized files now loaded: 0)
System memory in use before: 68.3 MB.
System memory in use after: 68.4 MB.

Unloading 24 unused Assets to reduce memory usage. Loaded Objects now: 2032.
Total: 12.647400 ms (FindLiveObjects: 1.044400 ms CreateObjectMapping: 0.149000 ms MarkObjects: 10.999500 ms  DeleteObjects: 0.453500 ms)

========================================================================
Received Prepare
Registering precompiled user dll's ...
Registered in 0.004338 seconds.
Begin MonoManager ReloadAssembly
Native extension for WindowsStandalone target not found
Refreshing native plugins compatible for Editor in 0.39 ms, found 0 plugins.
Preloading 0 native plugins for Editor in 0.00 ms.
Invoked RoslynAnalysisRunner static constructor.
RoslynAnalysisRunner will not be running.
RoslynAnalysisRunner has terminated.
Mono: successfully reloaded assembly
- Completed reload, in  1.013 seconds
Platform modules already initialized, skipping
Refreshing native plugins compatible for Editor in 0.59 ms, found 0 plugins.
Preloading 0 native plugins for Editor in 0.00 ms.
Unloading 1518 Unused Serialized files (Serialized files now loaded: 0)
System memory in use before: 68.3 MB.
System memory in use after: 68.4 MB.

Unloading 24 unused Assets to reduce memory usage. Loaded Objects now: 2035.
Total: 2.404300 ms (FindLiveObjects: 0.201200 ms CreateObjectMapping: 0.094200 ms MarkObjects: 2.049500 ms  DeleteObjects: 0.058300 ms)

========================================================================
Received Prepare
Registering precompiled user dll's ...
Registered in 0.003355 seconds.
Begin MonoManager ReloadAssembly
Native extension for WindowsStandalone target not found
Refreshing native plugins compatible for Editor in 0.53 ms, found 0 plugins.
Preloading 0 native plugins for Editor in 0.00 ms.
Invoked RoslynAnalysisRunner static constructor.
RoslynAnalysisRunner will not be running.
RoslynAnalysisRunner has terminated.
Mono: successfully reloaded assembly
- Completed reload, in  1.182 seconds
Platform modules already initialized, skipping
Refreshing native plugins compatible for Editor in 0.44 ms, found 0 plugins.
Preloading 0 native plugins for Editor in 0.00 ms.
Unloading 1518 Unused Serialized files (Serialized files now loaded: 0)
System memory in use before: 68.3 MB.
System memory in use after: 68.4 MB.

Unloading 24 unused Assets to reduce memory usage. Loaded Objects now: 2038.
Total: 4.925200 ms (FindLiveObjects: 0.219000 ms CreateObjectMapping: 0.064100 ms MarkObjects: 3.386800 ms  DeleteObjects: 1.253900 ms)

========================================================================
Received Prepare
Registering precompiled user dll's ...
Registered in 0.003440 seconds.
Begin MonoManager ReloadAssembly
Native extension for WindowsStandalone target not found
Refreshing native plugins compatible for Editor in 0.81 ms, found 0 plugins.
Preloading 0 native plugins for Editor in 0.00 ms.
Invoked RoslynAnalysisRunner static constructor.
RoslynAnalysisRunner will not be running.
RoslynAnalysisRunner has terminated.
Mono: successfully reloaded assembly
- Completed reload, in  1.427 seconds
Platform modules already initialized, skipping
Refreshing native plugins compatible for Editor in 0.47 ms, found 0 plugins.
Preloading 0 native plugins for Editor in 0.00 ms.
Unloading 1518 Unused Serialized files (Serialized files now loaded: 0)
System memory in use before: 68.3 MB.
System memory in use after: 68.4 MB.

Unloading 24 unused Assets to reduce memory usage. Loaded Objects now: 2041.
Total: 4.158700 ms (FindLiveObjects: 1.180800 ms CreateObjectMapping: 0.114600 ms MarkObjects: 2.456500 ms  DeleteObjects: 0.404300 ms)

========================================================================
Received Prepare
Registering precompiled user dll's ...
Registered in 0.003239 seconds.
Begin MonoManager ReloadAssembly
Native extension for WindowsStandalone target not found
Refreshing native plugins compatible for Editor in 0.38 ms, found 0 plugins.
Preloading 0 native plugins for Editor in 0.00 ms.
Invoked RoslynAnalysisRunner static constructor.
RoslynAnalysisRunner will not be running.
RoslynAnalysisRunner has terminated.
Mono: successfully reloaded assembly
- Completed reload, in  0.873 seconds
Platform modules already initialized, skipping
Refreshing native plugins compatible for Editor in 0.49 ms, found 0 plugins.
Preloading 0 native plugins for Editor in 0.00 ms.
Unloading 1518 Unused Serialized files (Serialized files now loaded: 0)
System memory in use before: 68.3 MB.
System memory in use after: 68.4 MB.

Unloading 24 unused Assets to reduce memory usage. Loaded Objects now: 2044.
Total: 2.868600 ms (FindLiveObjects: 0.373900 ms CreateObjectMapping: 0.116000 ms MarkObjects: 2.315800 ms  DeleteObjects: 0.061500 ms)

========================================================================
Received Prepare
Registering precompiled user dll's ...
Registered in 0.587310 seconds.
Begin MonoManager ReloadAssembly
Native extension for WindowsStandalone target not found
Refreshing native plugins compatible for Editor in 0.46 ms, found 0 plugins.
Preloading 0 native plugins for Editor in 0.00 ms.
Invoked RoslynAnalysisRunner static constructor.
RoslynAnalysisRunner will not be running.
RoslynAnalysisRunner has terminated.
Mono: successfully reloaded assembly
- Completed reload, in  3.282 seconds
Platform modules already initialized, skipping
Refreshing native plugins compatible for Editor in 0.44 ms, found 0 plugins.
Preloading 0 native plugins for Editor in 0.00 ms.
Unloading 1518 Unused Serialized files (Serialized files now loaded: 0)
System memory in use before: 68.3 MB.
System memory in use after: 68.4 MB.

Unloading 24 unused Assets to reduce memory usage. Loaded Objects now: 2047.
Total: 8.225100 ms (FindLiveObjects: 0.319800 ms CreateObjectMapping: 0.063800 ms MarkObjects: 7.761700 ms  DeleteObjects: 0.077500 ms)

========================================================================
Received Prepare
Registering precompiled user dll's ...
Registered in 0.003376 seconds.
Begin MonoManager ReloadAssembly
Native extension for WindowsStandalone target not found
Refreshing native plugins compatible for Editor in 0.39 ms, found 0 plugins.
Preloading 0 native plugins for Editor in 0.00 ms.
Invoked RoslynAnalysisRunner static constructor.
RoslynAnalysisRunner will not be running.
RoslynAnalysisRunner has terminated.
Mono: successfully reloaded assembly
- Completed reload, in  0.842 seconds
Platform modules already initialized, skipping
Refreshing native plugins compatible for Editor in 0.47 ms, found 0 plugins.
Preloading 0 native plugins for Editor in 0.00 ms.
Unloading 1518 Unused Serialized files (Serialized files now loaded: 0)
System memory in use before: 68.3 MB.
System memory in use after: 68.4 MB.

Unloading 24 unused Assets to reduce memory usage. Loaded Objects now: 2050.
Total: 2.667900 ms (FindLiveObjects: 0.208200 ms CreateObjectMapping: 0.051200 ms MarkObjects: 1.906900 ms  DeleteObjects: 0.500300 ms)

========================================================================
Received Prepare
Registering precompiled user dll's ...
Registered in 0.003193 seconds.
Begin MonoManager ReloadAssembly
Native extension for WindowsStandalone target not found
Refreshing native plugins compatible for Editor in 0.41 ms, found 0 plugins.
Preloading 0 native plugins for Editor in 0.00 ms.
Invoked RoslynAnalysisRunner static constructor.
RoslynAnalysisRunner will not be running.
RoslynAnalysisRunner has terminated.
Mono: successfully reloaded assembly
- Completed reload, in  0.818 seconds
Platform modules already initialized, skipping
Refreshing native plugins compatible for Editor in 0.42 ms, found 0 plugins.
Preloading 0 native plugins for Editor in 0.00 ms.
Unloading 1518 Unused Serialized files (Serialized files now loaded: 0)
System memory in use before: 68.3 MB.
System memory in use after: 68.4 MB.

Unloading 24 unused Assets to reduce memory usage. Loaded Objects now: 2053.
Total: 2.186400 ms (FindLiveObjects: 0.176800 ms CreateObjectMapping: 0.050600 ms MarkObjects: 1.447800 ms  DeleteObjects: 0.510300 ms)

========================================================================
Received Prepare
Registering precompiled user dll's ...
Registered in 0.003676 seconds.
Begin MonoManager ReloadAssembly
Native extension for WindowsStandalone target not found
Refreshing native plugins compatible for Editor in 0.40 ms, found 0 plugins.
Preloading 0 native plugins for Editor in 0.00 ms.
Invoked RoslynAnalysisRunner static constructor.
RoslynAnalysisRunner will not be running.
RoslynAnalysisRunner has terminated.
Mono: successfully reloaded assembly
- Completed reload, in  1.390 seconds
Platform modules already initialized, skipping
Refreshing native plugins compatible for Editor in 0.77 ms, found 0 plugins.
Preloading 0 native plugins for Editor in 0.00 ms.
Unloading 1519 Unused Serialized files (Serialized files now loaded: 0)
System memory in use before: 68.3 MB.
System memory in use after: 68.5 MB.

Unloading 24 unused Assets to reduce memory usage. Loaded Objects now: 2057.
Total: 3.039500 ms (FindLiveObjects: 0.427700 ms CreateObjectMapping: 0.095100 ms MarkObjects: 1.687200 ms  DeleteObjects: 0.827900 ms)

========================================================================
Received Prepare
Registering precompiled user dll's ...
Registered in 0.003618 seconds.
Begin MonoManager ReloadAssembly
Native extension for WindowsStandalone target not found
Refreshing native plugins compatible for Editor in 0.41 ms, found 0 plugins.
Preloading 0 native plugins for Editor in 0.00 ms.
Invoked RoslynAnalysisRunner static constructor.
RoslynAnalysisRunner will not be running.
RoslynAnalysisRunner has terminated.
Mono: successfully reloaded assembly
- Completed reload, in  0.899 seconds
Platform modules already initialized, skipping
Refreshing native plugins compatible for Editor in 0.40 ms, found 0 plugins.
Preloading 0 native plugins for Editor in 0.00 ms.
Unloading 1519 Unused Serialized files (Serialized files now loaded: 0)
System memory in use before: 68.4 MB.
System memory in use after: 68.5 MB.

Unloading 24 unused Assets to reduce memory usage. Loaded Objects now: 2060.
Total: 2.560900 ms (FindLiveObjects: 0.475300 ms CreateObjectMapping: 0.172100 ms MarkObjects: 1.867200 ms  DeleteObjects: 0.045200 ms)

========================================================================
Received Prepare
Registering precompiled user dll's ...
Registered in 0.009174 seconds.
Begin MonoManager ReloadAssembly
Native extension for WindowsStandalone target not found
Refreshing native plugins compatible for Editor in 0.54 ms, found 0 plugins.
Preloading 0 native plugins for Editor in 0.00 ms.
Invoked RoslynAnalysisRunner static constructor.
RoslynAnalysisRunner will not be running.
RoslynAnalysisRunner has terminated.
Mono: successfully reloaded assembly
- Completed reload, in  1.346 seconds
Platform modules already initialized, skipping
Refreshing native plugins compatible for Editor in 1.42 ms, found 0 plugins.
Preloading 0 native plugins for Editor in 0.00 ms.
Unloading 1519 Unused Serialized files (Serialized files now loaded: 0)
System memory in use before: 68.4 MB.
System memory in use after: 68.5 MB.

Unloading 24 unused Assets to reduce memory usage. Loaded Objects now: 2063.
Total: 7.799000 ms (FindLiveObjects: 1.550300 ms CreateObjectMapping: 0.467800 ms MarkObjects: 5.669200 ms  DeleteObjects: 0.110600 ms)

========================================================================
Received Import Request.
  Time since last request: 105317.584015 seconds.
  path: Assets/Imported Assets/Fishing game asset collection/Fish/SunFish.png
  artifactKey: Guid(1bb45f2a05cd9a64a88a0184f1c67325) Importer(815301076,1909f56bfc062723c751e8b465ee728b)
Start importing Assets/Imported Assets/Fishing game asset collection/Fish/SunFish.png using Guid(1bb45f2a05cd9a64a88a0184f1c67325) Importer(815301076,1909f56bfc062723c751e8b465ee728b)  -> (artifact id: '8de564a616744611684ed0e6ce216550') in 1.656022 seconds
  Import took 1.857759 seconds .

========================================================================
Received Import Request.
  Time since last request: 1.859438 seconds.
  path: Assets/Imported Assets/Fishing game asset collection/Object/FishBookClose.png
  artifactKey: Guid(cabc333d1ef98804fa56a73bd742b353) Importer(815301076,1909f56bfc062723c751e8b465ee728b)
Start importing Assets/Imported Assets/Fishing game asset collection/Object/FishBookClose.png using Guid(cabc333d1ef98804fa56a73bd742b353) Importer(815301076,1909f56bfc062723c751e8b465ee728b)  -> (artifact id: '70fa5a70452cfbe12eb855d8c0e3ea6e') in 0.051162 seconds
  Import took 0.054337 seconds .

========================================================================
Received Import Request.
  Time since last request: 0.000734 seconds.
  path: Assets/Imported Assets/Fishing game asset collection/Object/Shop.png
  artifactKey: Guid(c020c8eaf3ab295499e2286b10a68335) Importer(815301076,1909f56bfc062723c751e8b465ee728b)
Start importing Assets/Imported Assets/Fishing game asset collection/Object/Shop.png using Guid(c020c8eaf3ab295499e2286b10a68335) Importer(815301076,1909f56bfc062723c751e8b465ee728b)  -> (artifact id: '5c1334e05cddf550dabfc09f6aa6b73f') in 0.054741 seconds
  Import took 0.057886 seconds .

========================================================================
Received Import Request.
  Time since last request: 0.000410 seconds.
  path: Assets/Imported Assets/Fishing game asset collection/Object/NomalBasket.png
  artifactKey: Guid(3a4b671e864e12c4dbb082ea68576cb2) Importer(815301076,1909f56bfc062723c751e8b465ee728b)
Start importing Assets/Imported Assets/Fishing game asset collection/Object/NomalBasket.png using Guid(3a4b671e864e12c4dbb082ea68576cb2) Importer(815301076,1909f56bfc062723c751e8b465ee728b)  -> (artifact id: 'e132937cc36e596c2a495118083e0658') in 0.050700 seconds
  Import took 0.054266 seconds .

========================================================================
Received Import Request.
  Time since last request: 0.000654 seconds.
  path: Assets/Games/Chess/Sprites/Square.png
  artifactKey: Guid(c6859dac96f3b114db3328ddcf4fda15) Importer(815301076,1909f56bfc062723c751e8b465ee728b)
Start importing Assets/Games/Chess/Sprites/Square.png using Guid(c6859dac96f3b114db3328ddcf4fda15) Importer(815301076,1909f56bfc062723c751e8b465ee728b)  -> (artifact id: '8b519fe5d4c74eb5e2002a883655c176') in 0.051398 seconds
  Import took 0.054863 seconds .

========================================================================
Received Import Request.
  Time since last request: 0.000338 seconds.
  path: Assets/Imported Assets/Fishing game asset collection/Object/FullBasket.png
  artifactKey: Guid(e4787331355f8b04a94d3c032f66b996) Importer(815301076,1909f56bfc062723c751e8b465ee728b)
Start importing Assets/Imported Assets/Fishing game asset collection/Object/FullBasket.png using Guid(e4787331355f8b04a94d3c032f66b996) Importer(815301076,1909f56bfc062723c751e8b465ee728b)  -> (artifact id: 'b1017d2caceccf23bd2448ceec65b492') in 0.044272 seconds
  Import took 0.047284 seconds .

========================================================================
Received Import Request.
  Time since last request: 0.000359 seconds.
  path: Assets/Imported Assets/Fishing game asset collection/Fish/Shark.png
  artifactKey: Guid(4981560233935614ea76f562745b5164) Importer(815301076,1909f56bfc062723c751e8b465ee728b)
Start importing Assets/Imported Assets/Fishing game asset collection/Fish/Shark.png using Guid(4981560233935614ea76f562745b5164) Importer(815301076,1909f56bfc062723c751e8b465ee728b)  -> (artifact id: '68d9301ff2dfa5b4a46eec79e2370f13') in 0.037487 seconds
  Import took 0.040855 seconds .

========================================================================
Received Import Request.
  Time since last request: 0.001083 seconds.
  path: Assets/Imported Assets/Fishing game asset collection/Object/FishingBait1.png
  artifactKey: Guid(bf5b89156236c9648949b535de006e33) Importer(815301076,1909f56bfc062723c751e8b465ee728b)
Start importing Assets/Imported Assets/Fishing game asset collection/Object/FishingBait1.png using Guid(bf5b89156236c9648949b535de006e33) Importer(815301076,1909f56bfc062723c751e8b465ee728b)  -> (artifact id: '98c4ed644edeb4436f036ddd0fdaf754') in 0.051505 seconds
  Import took 0.055489 seconds .

========================================================================
Received Import Request.
  Time since last request: 0.000653 seconds.
  path: Assets/Imported Assets/Fishing game asset collection/Object/FishBookOpen.png
  artifactKey: Guid(b9cb9a3beb561c944b835011f9b1b97e) Importer(815301076,1909f56bfc062723c751e8b465ee728b)
Start importing Assets/Imported Assets/Fishing game asset collection/Object/FishBookOpen.png using Guid(b9cb9a3beb561c944b835011f9b1b97e) Importer(815301076,1909f56bfc062723c751e8b465ee728b)  -> (artifact id: '080b4482114be6b698caea59b32d004f') in 0.044869 seconds
  Import took 0.049829 seconds .

========================================================================
Received Import Request.
  Time since last request: 0.000618 seconds.
  path: Assets/Imported Assets/Fishing game asset collection/Object/FisiBasket2.png
  artifactKey: Guid(0ea7b4e6ced1bf64894c56b427c2a042) Importer(815301076,1909f56bfc062723c751e8b465ee728b)
Start importing Assets/Imported Assets/Fishing game asset collection/Object/FisiBasket2.png using Guid(0ea7b4e6ced1bf64894c56b427c2a042) Importer(815301076,1909f56bfc062723c751e8b465ee728b)  -> (artifact id: 'e6332bd535ba6c6f6bf75f24a96a03ae') in 0.034496 seconds
  Import took 0.037959 seconds .

========================================================================
Received Import Request.
  Time since last request: 0.000384 seconds.
  path: Assets/Games/MCTS/Square.png
  artifactKey: Guid(d44f5629c4baaf24782753712a2d5a70) Importer(815301076,1909f56bfc062723c751e8b465ee728b)
Start importing Assets/Games/MCTS/Square.png using Guid(d44f5629c4baaf24782753712a2d5a70) Importer(815301076,1909f56bfc062723c751e8b465ee728b)  -> (artifact id: '7b723180910c45e92ae84cd0288dc21b') in 0.029560 seconds
  Import took 0.032944 seconds .

========================================================================
Received Import Request.
  Time since last request: 45059.430371 seconds.
  path: Assets/Games/_Salmon/Sprites/Square 1.png
  artifactKey: Guid(2e1ebdad20b00bd47863fe22b29889b9) Importer(815301076,1909f56bfc062723c751e8b465ee728b)
Start importing Assets/Games/_Salmon/Sprites/Square 1.png using Guid(2e1ebdad20b00bd47863fe22b29889b9) Importer(815301076,1909f56bfc062723c751e8b465ee728b)  -> (artifact id: '84ec24c6064559e9d9a1bd20f08d3108') in 0.191269 seconds
  Import took 0.312170 seconds .

========================================================================
Received Import Request.
  Time since last request: 2.682264 seconds.
  path: Assets/Games/_Salmon/Sprites/UI.png
  artifactKey: Guid(2e1ebdad20b00bd47863fe22b29889b9) Importer(815301076,1909f56bfc062723c751e8b465ee728b)
Start importing Assets/Games/_Salmon/Sprites/UI.png using Guid(2e1ebdad20b00bd47863fe22b29889b9) Importer(815301076,1909f56bfc062723c751e8b465ee728b)  -> (artifact id: '8e1295ba9d029357f03dd1b1c93f1250') in 0.035190 seconds
  Import took 0.039668 seconds .

========================================================================
Received Import Request.
  Time since last request: 11832.307733 seconds.
  path: Assets/Games/_Salmon/Sprites/UI.png
  artifactKey: Guid(2e1ebdad20b00bd47863fe22b29889b9) Importer(815301076,1909f56bfc062723c751e8b465ee728b)
Start importing Assets/Games/_Salmon/Sprites/UI.png using Guid(2e1ebdad20b00bd47863fe22b29889b9) Importer(815301076,1909f56bfc062723c751e8b465ee728b)  -> (artifact id: '53d7eb0ba9bb0c70a69dcbe9a0cc6ab4') in 0.210150 seconds
  Import took 0.325896 seconds .

========================================================================
Received Import Request.
  Time since last request: 10008.964092 seconds.
  path: Assets/Games/_Salmon/Sprites/UI.png
  artifactKey: Guid(2e1ebdad20b00bd47863fe22b29889b9) Importer(815301076,1909f56bfc062723c751e8b465ee728b)
Start importing Assets/Games/_Salmon/Sprites/UI.png using Guid(2e1ebdad20b00bd47863fe22b29889b9) Importer(815301076,1909f56bfc062723c751e8b465ee728b)  -> (artifact id: '0da1f78117b0ca7ae60131e5bbdfcb55') in 0.125123 seconds
  Import took 0.187180 seconds .

========================================================================
Received Import Request.
  Time since last request: 863.354593 seconds.
  path: Assets/Games/_Salmon/Sprites/UI.png
  artifactKey: Guid(2e1ebdad20b00bd47863fe22b29889b9) Importer(815301076,1909f56bfc062723c751e8b465ee728b)
Start importing Assets/Games/_Salmon/Sprites/UI.png using Guid(2e1ebdad20b00bd47863fe22b29889b9) Importer(815301076,1909f56bfc062723c751e8b465ee728b)  -> (artifact id: '742eabfc6a5e8c8a89bf0bf35cd515ab') in 0.077431 seconds
  Import took 0.087749 seconds .

========================================================================
Received Prepare
Registering precompiled user dll's ...
Registered in 0.004407 seconds.
Begin MonoManager ReloadAssembly
Native extension for WindowsStandalone target not found
Refreshing native plugins compatible for Editor in 0.43 ms, found 0 plugins.
Preloading 0 native plugins for Editor in 0.00 ms.
Invoked RoslynAnalysisRunner static constructor.
RoslynAnalysisRunner will not be running.
RoslynAnalysisRunner has terminated.
Mono: successfully reloaded assembly
- Completed reload, in  1.581 seconds
Platform modules already initialized, skipping
Refreshing native plugins compatible for Editor in 0.87 ms, found 0 plugins.
Preloading 0 native plugins for Editor in 0.00 ms.
Unloading 1520 Unused Serialized files (Serialized files now loaded: 0)
System memory in use before: 71.5 MB.
System memory in use after: 71.6 MB.

Unloading 24 unused Assets to reduce memory usage. Loaded Objects now: 2078.
Total: 11.711300 ms (FindLiveObjects: 0.799200 ms CreateObjectMapping: 0.072500 ms MarkObjects: 10.771600 ms  DeleteObjects: 0.065600 ms)

========================================================================
Received Import Request.
  Time since last request: 4431.560895 seconds.
  path: Assets/Games/MCTS
  artifactKey: Guid(e21bbb27b49b86b4c926397cd542c1f1) Importer(815301076,1909f56bfc062723c751e8b465ee728b)
Start importing Assets/Games/MCTS using Guid(e21bbb27b49b86b4c926397cd542c1f1) Importer(815301076,1909f56bfc062723c751e8b465ee728b)  -> (artifact id: 'a0fd6e707fe41586551ec15622a8fdb2') in 0.015172 seconds
  Import took 0.020737 seconds .

========================================================================
Received Import Request.
  Time since last request: 13.620054 seconds.
  path: Assets/Games/_Salmon/Sprites/UI.png
  artifactKey: Guid(2e1ebdad20b00bd47863fe22b29889b9) Importer(815301076,1909f56bfc062723c751e8b465ee728b)
Start importing Assets/Games/_Salmon/Sprites/UI.png using Guid(2e1ebdad20b00bd47863fe22b29889b9) Importer(815301076,1909f56bfc062723c751e8b465ee728b)  -> (artifact id: 'a8b3e21144a4d66d673e15ae4bc850a5') in 0.124880 seconds
  Import took 0.128443 seconds .

========================================================================
Received Prepare
Registering precompiled user dll's ...
Registered in 0.004472 seconds.
Begin MonoManager ReloadAssembly
Native extension for WindowsStandalone target not found
Refreshing native plugins compatible for Editor in 0.42 ms, found 0 plugins.
Preloading 0 native plugins for Editor in 0.00 ms.
Invoked RoslynAnalysisRunner static constructor.
RoslynAnalysisRunner will not be running.
RoslynAnalysisRunner has terminated.
Mono: successfully reloaded assembly
- Completed reload, in  1.044 seconds
Platform modules already initialized, skipping
Refreshing native plugins compatible for Editor in 0.40 ms, found 0 plugins.
Preloading 0 native plugins for Editor in 0.00 ms.
Unloading 1520 Unused Serialized files (Serialized files now loaded: 0)
System memory in use before: 71.5 MB.
System memory in use after: 71.6 MB.

Unloading 24 unused Assets to reduce memory usage. Loaded Objects now: 2082.
Total: 1.992500 ms (FindLiveObjects: 0.224900 ms CreateObjectMapping: 0.059100 ms MarkObjects: 1.633400 ms  DeleteObjects: 0.074200 ms)

========================================================================
Received Prepare
Registering precompiled user dll's ...
Registered in 0.003267 seconds.
Begin MonoManager ReloadAssembly
Native extension for WindowsStandalone target not found
Refreshing native plugins compatible for Editor in 0.37 ms, found 0 plugins.
Preloading 0 native plugins for Editor in 0.00 ms.
Invoked RoslynAnalysisRunner static constructor.
RoslynAnalysisRunner will not be running.
RoslynAnalysisRunner has terminated.
Mono: successfully reloaded assembly
- Completed reload, in  0.851 seconds
Platform modules already initialized, skipping
Refreshing native plugins compatible for Editor in 0.41 ms, found 0 plugins.
Preloading 0 native plugins for Editor in 0.00 ms.
Unloading 1520 Unused Serialized files (Serialized files now loaded: 0)
System memory in use before: 71.5 MB.
System memory in use after: 71.6 MB.

Unloading 24 unused Assets to reduce memory usage. Loaded Objects now: 2085.
Total: 1.801000 ms (FindLiveObjects: 0.217200 ms CreateObjectMapping: 0.064100 ms MarkObjects: 1.499400 ms  DeleteObjects: 0.019100 ms)

========================================================================
Received Prepare
Registering precompiled user dll's ...
Registered in 0.006248 seconds.
Begin MonoManager ReloadAssembly
Native extension for WindowsStandalone target not found
Refreshing native plugins compatible for Editor in 0.39 ms, found 0 plugins.
Preloading 0 native plugins for Editor in 0.00 ms.
Invoked RoslynAnalysisRunner static constructor.
RoslynAnalysisRunner will not be running.
RoslynAnalysisRunner has terminated.
Mono: successfully reloaded assembly
- Completed reload, in  0.886 seconds
Platform modules already initialized, skipping
Refreshing native plugins compatible for Editor in 0.47 ms, found 0 plugins.
Preloading 0 native plugins for Editor in 0.00 ms.
Unloading 1520 Unused Serialized files (Serialized files now loaded: 0)
System memory in use before: 71.5 MB.
System memory in use after: 71.6 MB.

Unloading 24 unused Assets to reduce memory usage. Loaded Objects now: 2088.
Total: 3.691400 ms (FindLiveObjects: 0.310900 ms CreateObjectMapping: 0.057100 ms MarkObjects: 3.266900 ms  DeleteObjects: 0.055400 ms)

========================================================================
Received Prepare
Registering precompiled user dll's ...
Registered in 0.003193 seconds.
Begin MonoManager ReloadAssembly
Native extension for WindowsStandalone target not found
Refreshing native plugins compatible for Editor in 0.40 ms, found 0 plugins.
Preloading 0 native plugins for Editor in 0.00 ms.
Invoked RoslynAnalysisRunner static constructor.
RoslynAnalysisRunner will not be running.
RoslynAnalysisRunner has terminated.
Mono: successfully reloaded assembly
- Completed reload, in  0.840 seconds
Platform modules already initialized, skipping
Refreshing native plugins compatible for Editor in 0.52 ms, found 0 plugins.
Preloading 0 native plugins for Editor in 0.00 ms.
Unloading 1520 Unused Serialized files (Serialized files now loaded: 0)
System memory in use before: 71.5 MB.
System memory in use after: 71.6 MB.

Unloading 24 unused Assets to reduce memory usage. Loaded Objects now: 2091.
Total: 1.902300 ms (FindLiveObjects: 0.260200 ms CreateObjectMapping: 0.069300 ms MarkObjects: 1.551800 ms  DeleteObjects: 0.019900 ms)

========================================================================
Received Prepare
Registering precompiled user dll's ...
Registered in 0.003452 seconds.
Begin MonoManager ReloadAssembly
Native extension for WindowsStandalone target not found
Refreshing native plugins compatible for Editor in 0.46 ms, found 0 plugins.
Preloading 0 native plugins for Editor in 0.00 ms.
Invoked RoslynAnalysisRunner static constructor.
RoslynAnalysisRunner will not be running.
RoslynAnalysisRunner has terminated.
Mono: successfully reloaded assembly
- Completed reload, in  1.038 seconds
Platform modules already initialized, skipping
Refreshing native plugins compatible for Editor in 0.42 ms, found 0 plugins.
Preloading 0 native plugins for Editor in 0.00 ms.
Unloading 1520 Unused Serialized files (Serialized files now loaded: 0)
System memory in use before: 71.5 MB.
System memory in use after: 71.6 MB.

Unloading 24 unused Assets to reduce memory usage. Loaded Objects now: 2094.
Total: 2.652300 ms (FindLiveObjects: 0.330500 ms CreateObjectMapping: 0.111200 ms MarkObjects: 2.185500 ms  DeleteObjects: 0.023400 ms)

========================================================================
Received Prepare
Registering precompiled user dll's ...
Registered in 0.003224 seconds.
Begin MonoManager ReloadAssembly
Native extension for WindowsStandalone target not found
Refreshing native plugins compatible for Editor in 0.38 ms, found 0 plugins.
Preloading 0 native plugins for Editor in 0.00 ms.
Invoked RoslynAnalysisRunner static constructor.
RoslynAnalysisRunner will not be running.
RoslynAnalysisRunner has terminated.
Mono: successfully reloaded assembly
- Completed reload, in  0.834 seconds
Platform modules already initialized, skipping
Refreshing native plugins compatible for Editor in 0.43 ms, found 0 plugins.
Preloading 0 native plugins for Editor in 0.00 ms.
Unloading 1520 Unused Serialized files (Serialized files now loaded: 0)
System memory in use before: 71.5 MB.
System memory in use after: 71.6 MB.

Unloading 24 unused Assets to reduce memory usage. Loaded Objects now: 2097.
Total: 2.591100 ms (FindLiveObjects: 0.498800 ms CreateObjectMapping: 0.082400 ms MarkObjects: 1.977000 ms  DeleteObjects: 0.029000 ms)

========================================================================
Received Prepare
Registering precompiled user dll's ...
Registered in 0.003329 seconds.
Begin MonoManager ReloadAssembly
Native extension for WindowsStandalone target not found
Refreshing native plugins compatible for Editor in 0.43 ms, found 0 plugins.
Preloading 0 native plugins for Editor in 0.00 ms.
Invoked RoslynAnalysisRunner static constructor.
RoslynAnalysisRunner will not be running.
RoslynAnalysisRunner has terminated.
Mono: successfully reloaded assembly
- Completed reload, in  0.879 seconds
Platform modules already initialized, skipping
Refreshing native plugins compatible for Editor in 0.46 ms, found 0 plugins.
Preloading 0 native plugins for Editor in 0.00 ms.
Unloading 1520 Unused Serialized files (Serialized files now loaded: 0)
System memory in use before: 71.5 MB.
System memory in use after: 71.7 MB.

Unloading 24 unused Assets to reduce memory usage. Loaded Objects now: 2100.
Total: 2.163600 ms (FindLiveObjects: 0.330300 ms CreateObjectMapping: 0.082800 ms MarkObjects: 1.728900 ms  DeleteObjects: 0.020500 ms)

========================================================================
Received Prepare
Registering precompiled user dll's ...
Registered in 0.003629 seconds.
Begin MonoManager ReloadAssembly
Native extension for WindowsStandalone target not found
Refreshing native plugins compatible for Editor in 0.37 ms, found 0 plugins.
Preloading 0 native plugins for Editor in 0.00 ms.
Invoked RoslynAnalysisRunner static constructor.
RoslynAnalysisRunner will not be running.
RoslynAnalysisRunner has terminated.
Mono: successfully reloaded assembly
- Completed reload, in  0.828 seconds
Platform modules already initialized, skipping
Refreshing native plugins compatible for Editor in 0.39 ms, found 0 plugins.
Preloading 0 native plugins for Editor in 0.00 ms.
Unloading 1520 Unused Serialized files (Serialized files now loaded: 0)
System memory in use before: 71.6 MB.
System memory in use after: 71.7 MB.

Unloading 24 unused Assets to reduce memory usage. Loaded Objects now: 2103.
Total: 2.093300 ms (FindLiveObjects: 0.259100 ms CreateObjectMapping: 0.101100 ms MarkObjects: 1.710800 ms  DeleteObjects: 0.019900 ms)

========================================================================
Received Prepare
Registering precompiled user dll's ...
Registered in 0.003213 seconds.
Begin MonoManager ReloadAssembly
Native extension for WindowsStandalone target not found
Refreshing native plugins compatible for Editor in 0.42 ms, found 0 plugins.
Preloading 0 native plugins for Editor in 0.00 ms.
Invoked RoslynAnalysisRunner static constructor.
RoslynAnalysisRunner will not be running.
RoslynAnalysisRunner has terminated.
Mono: successfully reloaded assembly
- Completed reload, in  0.818 seconds
Platform modules already initialized, skipping
Refreshing native plugins compatible for Editor in 0.46 ms, found 0 plugins.
Preloading 0 native plugins for Editor in 0.00 ms.
Unloading 1520 Unused Serialized files (Serialized files now loaded: 0)
System memory in use before: 71.6 MB.
System memory in use after: 71.7 MB.

Unloading 24 unused Assets to reduce memory usage. Loaded Objects now: 2106.
Total: 1.915900 ms (FindLiveObjects: 0.212700 ms CreateObjectMapping: 0.063700 ms MarkObjects: 1.616400 ms  DeleteObjects: 0.021700 ms)

========================================================================
Received Prepare
Registering precompiled user dll's ...
Registered in 0.003432 seconds.
Begin MonoManager ReloadAssembly
Native extension for WindowsStandalone target not found
Refreshing native plugins compatible for Editor in 0.37 ms, found 0 plugins.
Preloading 0 native plugins for Editor in 0.00 ms.
Invoked RoslynAnalysisRunner static constructor.
RoslynAnalysisRunner will not be running.
RoslynAnalysisRunner has terminated.
Mono: successfully reloaded assembly
- Completed reload, in  0.802 seconds
Platform modules already initialized, skipping
Refreshing native plugins compatible for Editor in 0.41 ms, found 0 plugins.
Preloading 0 native plugins for Editor in 0.00 ms.
Unloading 1520 Unused Serialized files (Serialized files now loaded: 0)
System memory in use before: 71.6 MB.
System memory in use after: 71.7 MB.

Unloading 24 unused Assets to reduce memory usage. Loaded Objects now: 2109.
Total: 2.428300 ms (FindLiveObjects: 0.235700 ms CreateObjectMapping: 0.085400 ms MarkObjects: 2.066100 ms  DeleteObjects: 0.040100 ms)

========================================================================
Received Prepare
Registering precompiled user dll's ...
Registered in 0.003345 seconds.
Begin MonoManager ReloadAssembly
Native extension for WindowsStandalone target not found
Refreshing native plugins compatible for Editor in 0.51 ms, found 0 plugins.
Preloading 0 native plugins for Editor in 0.00 ms.
Invoked RoslynAnalysisRunner static constructor.
RoslynAnalysisRunner will not be running.
RoslynAnalysisRunner has terminated.
Mono: successfully reloaded assembly
- Completed reload, in  0.802 seconds
Platform modules already initialized, skipping
Refreshing native plugins compatible for Editor in 0.42 ms, found 0 plugins.
Preloading 0 native plugins for Editor in 0.00 ms.
Unloading 1520 Unused Serialized files (Serialized files now loaded: 0)
System memory in use before: 71.6 MB.
System memory in use after: 71.7 MB.

Unloading 24 unused Assets to reduce memory usage. Loaded Objects now: 2112.
Total: 2.876200 ms (FindLiveObjects: 0.420900 ms CreateObjectMapping: 0.111900 ms MarkObjects: 2.309900 ms  DeleteObjects: 0.031500 ms)

========================================================================
Received Prepare
Registering precompiled user dll's ...
Registered in 0.007029 seconds.
Begin MonoManager ReloadAssembly
Native extension for WindowsStandalone target not found
Refreshing native plugins compatible for Editor in 0.43 ms, found 0 plugins.
Preloading 0 native plugins for Editor in 0.00 ms.
Invoked RoslynAnalysisRunner static constructor.
RoslynAnalysisRunner will not be running.
RoslynAnalysisRunner has terminated.
Mono: successfully reloaded assembly
- Completed reload, in  0.934 seconds
Platform modules already initialized, skipping
Refreshing native plugins compatible for Editor in 0.45 ms, found 0 plugins.
Preloading 0 native plugins for Editor in 0.00 ms.
Unloading 1520 Unused Serialized files (Serialized files now loaded: 0)
System memory in use before: 71.6 MB.
System memory in use after: 71.7 MB.

Unloading 24 unused Assets to reduce memory usage. Loaded Objects now: 2115.
Total: 2.065600 ms (FindLiveObjects: 0.238200 ms CreateObjectMapping: 0.080100 ms MarkObjects: 1.725100 ms  DeleteObjects: 0.020900 ms)

========================================================================
Received Prepare
Registering precompiled user dll's ...
Registered in 0.018753 seconds.
Begin MonoManager ReloadAssembly
Native extension for WindowsStandalone target not found
Refreshing native plugins compatible for Editor in 0.70 ms, found 0 plugins.
Preloading 0 native plugins for Editor in 0.00 ms.
Invoked RoslynAnalysisRunner static constructor.
RoslynAnalysisRunner will not be running.
RoslynAnalysisRunner has terminated.
Mono: successfully reloaded assembly
- Completed reload, in  1.856 seconds
Platform modules already initialized, skipping
Refreshing native plugins compatible for Editor in 0.41 ms, found 0 plugins.
Preloading 0 native plugins for Editor in 0.00 ms.
Unloading 1520 Unused Serialized files (Serialized files now loaded: 0)
System memory in use before: 71.6 MB.
System memory in use after: 71.7 MB.

Unloading 24 unused Assets to reduce memory usage. Loaded Objects now: 2118.
Total: 4.504700 ms (FindLiveObjects: 1.765500 ms CreateObjectMapping: 0.149000 ms MarkObjects: 2.513300 ms  DeleteObjects: 0.071200 ms)

========================================================================
Received Prepare
Registering precompiled user dll's ...
Registered in 0.008266 seconds.
Begin MonoManager ReloadAssembly
Native extension for WindowsStandalone target not found
Refreshing native plugins compatible for Editor in 0.58 ms, found 0 plugins.
Preloading 0 native plugins for Editor in 0.00 ms.
Invoked RoslynAnalysisRunner static constructor.
RoslynAnalysisRunner will not be running.
RoslynAnalysisRunner has terminated.
Mono: successfully reloaded assembly
- Completed reload, in  1.431 seconds
Platform modules already initialized, skipping
Refreshing native plugins compatible for Editor in 0.42 ms, found 0 plugins.
Preloading 0 native plugins for Editor in 0.00 ms.
Unloading 1520 Unused Serialized files (Serialized files now loaded: 0)
System memory in use before: 71.6 MB.
System memory in use after: 71.7 MB.

Unloading 24 unused Assets to reduce memory usage. Loaded Objects now: 2121.
Total: 1.922600 ms (FindLiveObjects: 0.207600 ms CreateObjectMapping: 0.057100 ms MarkObjects: 1.637900 ms  DeleteObjects: 0.019100 ms)

========================================================================
Received Prepare
Registering precompiled user dll's ...
Registered in 0.008764 seconds.
Begin MonoManager ReloadAssembly
Native extension for WindowsStandalone target not found
Refreshing native plugins compatible for Editor in 0.46 ms, found 0 plugins.
Preloading 0 native plugins for Editor in 0.00 ms.
Invoked RoslynAnalysisRunner static constructor.
RoslynAnalysisRunner will not be running.
RoslynAnalysisRunner has terminated.
Mono: successfully reloaded assembly
- Completed reload, in  2.597 seconds
Platform modules already initialized, skipping
Refreshing native plugins compatible for Editor in 0.41 ms, found 0 plugins.
Preloading 0 native plugins for Editor in 0.00 ms.
Unloading 1520 Unused Serialized files (Serialized files now loaded: 0)
System memory in use before: 71.6 MB.
System memory in use after: 71.7 MB.

Unloading 24 unused Assets to reduce memory usage. Loaded Objects now: 2124.
Total: 7.770500 ms (FindLiveObjects: 0.454000 ms CreateObjectMapping: 0.111800 ms MarkObjects: 7.031700 ms  DeleteObjects: 0.170600 ms)

========================================================================
Received Prepare
Registering precompiled user dll's ...
Registered in 0.003369 seconds.
Begin MonoManager ReloadAssembly
Native extension for WindowsStandalone target not found
Refreshing native plugins compatible for Editor in 0.38 ms, found 0 plugins.
Preloading 0 native plugins for Editor in 0.00 ms.
Invoked RoslynAnalysisRunner static constructor.
RoslynAnalysisRunner will not be running.
RoslynAnalysisRunner has terminated.
Mono: successfully reloaded assembly
- Completed reload, in  0.870 seconds
Platform modules already initialized, skipping
Refreshing native plugins compatible for Editor in 0.41 ms, found 0 plugins.
Preloading 0 native plugins for Editor in 0.00 ms.
Unloading 1520 Unused Serialized files (Serialized files now loaded: 0)
System memory in use before: 71.6 MB.
System memory in use after: 71.7 MB.

Unloading 24 unused Assets to reduce memory usage. Loaded Objects now: 2127.
Total: 1.891300 ms (FindLiveObjects: 0.248600 ms CreateObjectMapping: 0.057500 ms MarkObjects: 1.564600 ms  DeleteObjects: 0.019300 ms)

========================================================================
Received Prepare
Registering precompiled user dll's ...
Registered in 0.003755 seconds.
Begin MonoManager ReloadAssembly
Native extension for WindowsStandalone target not found
Refreshing native plugins compatible for Editor in 0.37 ms, found 0 plugins.
Preloading 0 native plugins for Editor in 0.00 ms.
Invoked RoslynAnalysisRunner static constructor.
RoslynAnalysisRunner will not be running.
RoslynAnalysisRunner has terminated.
Mono: successfully reloaded assembly
- Completed reload, in  0.920 seconds
Platform modules already initialized, skipping
Refreshing native plugins compatible for Editor in 0.39 ms, found 0 plugins.
Preloading 0 native plugins for Editor in 0.00 ms.
Unloading 1520 Unused Serialized files (Serialized files now loaded: 0)
System memory in use before: 71.6 MB.
System memory in use after: 71.7 MB.

Unloading 24 unused Assets to reduce memory usage. Loaded Objects now: 2130.
Total: 1.774400 ms (FindLiveObjects: 0.201100 ms CreateObjectMapping: 0.060800 ms MarkObjects: 1.493500 ms  DeleteObjects: 0.018200 ms)

========================================================================
Received Prepare
Registering precompiled user dll's ...
Registered in 0.005415 seconds.
Begin MonoManager ReloadAssembly
Native extension for WindowsStandalone target not found
Refreshing native plugins compatible for Editor in 0.47 ms, found 0 plugins.
Preloading 0 native plugins for Editor in 0.00 ms.
Invoked RoslynAnalysisRunner static constructor.
RoslynAnalysisRunner will not be running.
RoslynAnalysisRunner has terminated.
Mono: successfully reloaded assembly
- Completed reload, in  1.015 seconds
Platform modules already initialized, skipping
Refreshing native plugins compatible for Editor in 0.42 ms, found 0 plugins.
Preloading 0 native plugins for Editor in 0.00 ms.
Unloading 1520 Unused Serialized files (Serialized files now loaded: 0)
System memory in use before: 71.6 MB.
System memory in use after: 71.7 MB.

Unloading 24 unused Assets to reduce memory usage. Loaded Objects now: 2133.
Total: 2.157100 ms (FindLiveObjects: 0.270600 ms CreateObjectMapping: 0.066400 ms MarkObjects: 1.780000 ms  DeleteObjects: 0.038800 ms)

========================================================================
Received Prepare
Registering precompiled user dll's ...
Registered in 0.007257 seconds.
Begin MonoManager ReloadAssembly
Native extension for WindowsStandalone target not found
Refreshing native plugins compatible for Editor in 0.43 ms, found 0 plugins.
Preloading 0 native plugins for Editor in 0.00 ms.
Invoked RoslynAnalysisRunner static constructor.
RoslynAnalysisRunner will not be running.
RoslynAnalysisRunner has terminated.
Mono: successfully reloaded assembly
- Completed reload, in  1.112 seconds
Platform modules already initialized, skipping
Refreshing native plugins compatible for Editor in 0.55 ms, found 0 plugins.
Preloading 0 native plugins for Editor in 0.00 ms.
Unloading 1520 Unused Serialized files (Serialized files now loaded: 0)
System memory in use before: 71.6 MB.
System memory in use after: 71.7 MB.

Unloading 24 unused Assets to reduce memory usage. Loaded Objects now: 2136.
Total: 10.390300 ms (FindLiveObjects: 0.243200 ms CreateObjectMapping: 0.054000 ms MarkObjects: 9.316600 ms  DeleteObjects: 0.774800 ms)

========================================================================
Received Prepare
Registering precompiled user dll's ...
Registered in 0.006768 seconds.
Begin MonoManager ReloadAssembly
Native extension for WindowsStandalone target not found
Refreshing native plugins compatible for Editor in 0.41 ms, found 0 plugins.
Preloading 0 native plugins for Editor in 0.00 ms.
Invoked RoslynAnalysisRunner static constructor.
RoslynAnalysisRunner will not be running.
RoslynAnalysisRunner has terminated.
Mono: successfully reloaded assembly
- Completed reload, in  0.958 seconds
Platform modules already initialized, skipping
Refreshing native plugins compatible for Editor in 0.45 ms, found 0 plugins.
Preloading 0 native plugins for Editor in 0.00 ms.
Unloading 1520 Unused Serialized files (Serialized files now loaded: 0)
System memory in use before: 71.6 MB.
System memory in use after: 71.7 MB.

Unloading 24 unused Assets to reduce memory usage. Loaded Objects now: 2139.
Total: 2.450100 ms (FindLiveObjects: 0.339700 ms CreateObjectMapping: 0.052000 ms MarkObjects: 1.988400 ms  DeleteObjects: 0.069100 ms)

